<?xml version="1.0" encoding="UTF-8"?>
<!-- Generated by org.testng.reporters.JUnitReportReporter -->
<testsuite hostname="DESKTOP-N0CG5BI" failures="0" tests="1" name="suitec.TestClassCC" time="4.704" errors="0" timestamp="2024-07-18T09:13:33 IST" skipped="0">
  <testcase classname="suitec.TestClassCC" name="TestCC" time="4.704"/>
  <system-out/>
</testsuite> <!-- suitec.TestClassCC -->
