<?xml version="1.0" encoding="UTF-8"?>
<!-- Generated by org.testng.reporters.JUnitReportReporter -->
<testsuite hostname="DESKTOP-N0CG5BI" failures="0" tests="2" name="suitea.TestClassA" time="15.173" errors="0" timestamp="2024-07-18T09:13:33 IST" skipped="0">
  <testcase classname="suitea.TestClassA" name="TestA" time="9.503"/>
  <system-out/>
  <testcase classname="suitea.TestClassA" name="TestA" time="5.670"/>
  <system-out/>
</testsuite> <!-- suitea.TestClassA -->
