<?xml version="1.0" encoding="UTF-8"?>
<!-- Generated by org.testng.reporters.JUnitReportReporter -->
<testsuite hostname="DESKTOP-N0CG5BI" failures="0" tests="1" name="suiteb.TestClassBB" time="4.694" errors="0" timestamp="2024-07-18T09:13:33 IST" skipped="0">
  <testcase classname="suiteb.TestClassBB" name="TestBB" time="4.694"/>
  <system-out/>
</testsuite> <!-- suiteb.TestClassBB -->
