<?xml version="1.0" encoding="UTF-8"?>
<!-- Generated by org.testng.reporters.JUnitReportReporter -->
<testsuite hostname="DESKTOP-N0CG5BI" failures="0" tests="1" name="suitea.TestClassAA" time="4.758" errors="0" timestamp="2024-07-18T09:13:33 IST" skipped="0">
  <testcase classname="suitea.TestClassAA" name="TestAA" time="4.758"/>
  <system-out/>
</testsuite> <!-- suitea.TestClassAA -->
