<?xml version="1.0" encoding="UTF-8"?>
<!-- Generated by org.testng.reporters.JUnitReportReporter -->
<testsuite hostname="DESKTOP-N0CG5BI" failures="0" tests="1" name="testng.testngframework.AppTest" time="0.001" errors="0" timestamp="2024-07-18T09:13:33 IST" skipped="0">
  <testcase classname="testng.testngframework.AppTest" name="testApp" time="0.001"/>
  <system-out/>
</testsuite> <!-- testng.testngframework.AppTest -->
