<?xml version="1.0" encoding="UTF-8"?>
<!-- Generated by org.testng.reporters.JUnitReportReporter -->
<testsuite hostname="DESKTOP-N0CG5BI" failures="0" tests="1" name="suitec.TestClassC" time="3.065" errors="0" timestamp="2024-05-14T16:48:18 IST" skipped="0">
  <testcase classname="suitec.TestClassC" name="TestC" time="3.065"/>
  <system-out/>
</testsuite> <!-- suitec.TestClassC -->
