<?xml version="1.0" encoding="UTF-8"?>
<!-- Generated by org.testng.reporters.JUnitReportReporter -->
<testsuite hostname="DESKTOP-N0CG5BI" failures="0" tests="1" name="suitea.TestClassAA" time="3.066" errors="0" timestamp="2024-05-14T22:36:14 IST" skipped="0">
  <testcase classname="suitea.TestClassAA" name="TestAA" time="3.066"/>
  <system-out/>
</testsuite> <!-- suitea.TestClassAA -->
