<?xml version="1.0" encoding="UTF-8"?>
<!-- Generated by org.testng.reporters.JUnitReportReporter -->
<testsuite hostname="DESKTOP-N0CG5BI" failures="0" tests="1" name="suitec.TestClassCC" time="3.795" errors="0" timestamp="2024-05-14T16:48:18 IST" skipped="0">
  <testcase classname="suitec.TestClassCC" name="TestCC" time="3.795"/>
  <system-out/>
</testsuite> <!-- suitec.TestClassCC -->
